[01m[K/home/yuanxiao/gold_hw/src/gold_miner/src/miner.cpp:[m[K In member function â€˜[01m[Kvoid Miner::oreInfoCallback(const OreArray&)[m[Kâ€™:
[01m[K/home/yuanxiao/gold_hw/src/gold_miner/src/miner.cpp:69:53:[m[K [01;31m[Kerror: [m[Kexpected primary-expression before â€˜[01m[K,[m[Kâ€™ token
   69 |         if (rclcpp::spin_until_future_complete(Miner[01;31m[K,[m[K result) ==
      |                                                     [01;31m[K^[m[K
gmake[2]: *** [CMakeFiles/miner.dir/build.make:76: CMakeFiles/miner.dir/src/miner.cpp.o] Error 1
gmake[1]: *** [CMakeFiles/Makefile2:165: CMakeFiles/miner.dir/all] Error 2
gmake: *** [Makefile:146: all] Error 2
