[35m[1mConsolidate compiler generated dependencies of target miner[0m
[ 50%] Built target mining_industry
[ 75%] [32mBuilding CXX object CMakeFiles/miner.dir/src/miner.cpp.o[0m
[01m[K/home/yuanxiao/gold_hw/src/gold_miner/src/miner.cpp:[m[K In constructor â€˜[01m[KMiner::Miner()[m[Kâ€™:
[01m[K/home/yuanxiao/gold_hw/src/gold_miner/src/miner.cpp:26:9:[m[K [01;31m[Kerror: [m[Kâ€˜[01m[Kcallback_group_input_[m[Kâ€™ was not declared in this scope
   26 |         [01;31m[Kcallback_group_input_[m[K = this->create_callback_group(rclcpp::callback_group::CallbackGroupType::MutuallyExclusive);
      |         [01;31m[K^~~~~~~~~~~~~~~~~~~~~[m[K
[01m[K/home/yuanxiao/gold_hw/src/gold_miner/src/miner.cpp:26:69:[m[K [01;31m[Kerror: [m[Kâ€˜[01m[Krclcpp::callback_group[m[Kâ€™ has not been declared
   26 |         callback_group_input_ = this->create_callback_group(rclcpp::[01;31m[Kcallback_group[m[K::CallbackGroupType::MutuallyExclusive);
      |                                                                     [01;31m[K^~~~~~~~~~~~~~[m[K
[01m[K/home/yuanxiao/gold_hw/src/gold_miner/src/miner.cpp:[m[K In member function â€˜[01m[Kvoid Miner::oreInfoCallback(const OreArray&)[m[Kâ€™:
[01m[K/home/yuanxiao/gold_hw/src/gold_miner/src/miner.cpp:78:14:[m[K [01;31m[Kerror: [m[Kconflicting declaration â€˜[01m[Kauto result[m[Kâ€™
   78 |         auto [01;31m[Kresult[m[K = client_->async_send_request(request, inner_client_callback);
      |              [01;31m[K^~~~~~[m[K
[01m[K/home/yuanxiao/gold_hw/src/gold_miner/src/miner.cpp:69:14:[m[K [01;36m[Knote: [m[Kprevious declaration as â€˜[01m[Krclcpp::Client<interfaces::srv::OrePosition>::FutureAndRequestId result[m[Kâ€™
   69 |         auto [01;36m[Kresult[m[K = client_->async_send_request(request);
      |              [01;36m[K^~~~~~[m[K
gmake[2]: *** [CMakeFiles/miner.dir/build.make:76: CMakeFiles/miner.dir/src/miner.cpp.o] Error 1
gmake[1]: *** [CMakeFiles/Makefile2:165: CMakeFiles/miner.dir/all] Error 2
gmake: *** [Makefile:146: all] Error 2
