[ 50%] Built target mining_industry
[35m[1mConsolidate compiler generated dependencies of target miner[0m
[ 75%] [32mBuilding CXX object CMakeFiles/miner.dir/src/miner.cpp.o[0m
[01m[K/home/yuanxiao/gold_hw/src/gold_miner/src/miner.cpp:[m[K In member function â€˜[01m[Kvoid Miner::oreInfoCallback(const OreArray&)[m[Kâ€™:
[01m[K/home/yuanxiao/gold_hw/src/gold_miner/src/miner.cpp:69:48:[m[K [01;31m[Kerror: [m[Kâ€˜[01m[Kminer[m[Kâ€™ was not declared in this scope; did you mean â€˜[01m[KMiner[m[Kâ€™?
   69 |         if (rclcpp::spin_until_future_complete([01;31m[Kminer[m[K, result) ==
      |                                                [01;31m[K^~~~~[m[K
      |                                                [32m[KMiner[m[K
gmake[2]: *** [CMakeFiles/miner.dir/build.make:76: CMakeFiles/miner.dir/src/miner.cpp.o] Error 1
gmake[1]: *** [CMakeFiles/Makefile2:165: CMakeFiles/miner.dir/all] Error 2
gmake: *** [Makefile:146: all] Error 2
